        -:    0:Source:ConversorRomanos.cpp
        -:    0:Graph:ConversorRomanos.gcno
        -:    0:Data:ConversorRomanos.gcda
        -:    0:Runs:3
        -:    0:Programs:3
        -:    1:/*EOF*/
        -:    2:/*EOF*/
        -:    3:/*EOF*/
        -:    4:/*EOF*/
        -:    5:/*EOF*/
        -:    6:/*EOF*/
        -:    7:/*EOF*/
        -:    8:/*EOF*/
        3:    9:/*EOF*/
call    0 returned 100%
call    1 returned 100%
branch  2 taken 100% (fallthrough)
branch  3 taken 0% (throw)
call    4 returned 100%
call    5 returned 100%
call    6 never executed
        -:   10:/*EOF*/
        -:   11:/*EOF*/
        -:   12:/*EOF*/
        -:   13:/*EOF*/
function _ZN16ConversorRomanos15Validar_TamanhoENSt7__cxx1112basic_stringIcSt11char_traitsIcESaIcEEE called 125 returned 100% blocks executed 100%
      125:   14:/*EOF*/
        -:   15:/*EOF*/
      125:   16:/*EOF*/
call    0 returned 100%
branch  1 taken 99% (fallthrough)
branch  2 taken 1%
call    3 returned 100%
branch  4 taken 3% (fallthrough)
branch  5 taken 97%
branch  6 taken 4% (fallthrough)
branch  7 taken 96%
        5:   17:/*EOF*/
        -:   18:/*EOF*/
      120:   19:/*EOF*/
        -:   20:/*EOF*/
        -:   21:/*EOF*/
        -:   22:/*EOF*/
        -:   23:/*EOF*/
        -:   24:/*EOF*/
function _ZN16ConversorRomanos24Validar_Ordem_AlgarismosENSt7__cxx1112basic_stringIcSt11char_traitsIcESaIcEEE called 45 returned 100% blocks executed 78%
       45:   25:/*EOF*/
        -:   26:/*EOF*/
      258:   27:/*EOF*/
call    0 returned 100%
branch  1 taken 92% (fallthrough)
branch  2 taken 8%
        -:   28:/*EOF*/
     1260:   29:/*EOF*/
call    0 returned 100%
branch  1 taken 83% (fallthrough)
branch  2 taken 17%
        -:   30:/*EOF*/
     1047:   31:/*EOF*/
call    0 returned 100%
call    1 returned 100%
call    2 returned 100%
branch  3 taken 100% (fallthrough)
branch  4 taken 0% (throw)
branch  5 taken 7% (fallthrough)
branch  6 taken 93%
call    7 never executed
        -:   32:/*EOF*/
        -:   33:/*EOF*/
       69:   34:/*EOF*/
call    0 returned 100%
call    1 returned 100%
call    2 returned 100%
branch  3 taken 100% (fallthrough)
branch  4 taken 0% (throw)
branch  5 taken 4% (fallthrough)
branch  6 taken 96%
call    7 never executed
        3:   35:/*EOF*/
        -:   36:/*EOF*/
        -:   37:/*EOF*/
        -:   38:/*EOF*/
        -:   39:/*EOF*/
      258:   40:/*EOF*/
call    0 returned 100%
branch  1 taken 100% (fallthrough)
branch  2 taken 0% (throw)
call    3 returned 100%
branch  4 taken 100% (fallthrough)
branch  5 taken 0% (throw)
call    6 returned 100%
branch  7 taken 100% (fallthrough)
branch  8 taken 0% (throw)
branch  9 taken 95% (fallthrough)
branch 10 taken 5%
branch 11 taken 0% (fallthrough)
branch 12 taken 100%
branch 13 taken 100% (fallthrough)
branch 14 taken 0%
branch 15 taken 5% (fallthrough)
branch 16 taken 95%
branch 17 never executed
branch 18 never executed
call   19 never executed
      192:   41:/*EOF*/
call    0 returned 100%
branch  1 taken 100% (fallthrough)
branch  2 taken 0% (throw)
call    3 returned 100%
branch  4 taken 100% (fallthrough)
branch  5 taken 0% (throw)
call    6 returned 100%
branch  7 taken 100% (fallthrough)
branch  8 taken 0% (throw)
branch  9 taken 95% (fallthrough)
branch 10 taken 5%
branch 11 never executed
branch 12 never executed
        -:   42:/*EOF*/
        -:   43:/*EOF*/
        -:   44:/*EOF*/
        3:   45:/*EOF*/
branch  0 taken 0% (fallthrough)
branch  1 taken 100%
    #####:   46:/*EOF*/
call    0 never executed
call    1 never executed
call    2 never executed
branch  3 never executed
branch  4 never executed
branch  5 never executed
branch  6 never executed
call    7 never executed
    #####:   47:/*EOF*/
        -:   48:/*EOF*/
        -:   49:/*EOF*/
        -:   50:/*EOF*/
        3:   51:/*EOF*/
call    0 returned 100%
branch  1 taken 100% (fallthrough)
branch  2 taken 0%
        3:   52:/*EOF*/
        -:   53:/*EOF*/
        -:   54:/*EOF*/
      978:   55:/*EOF*/
call    0 returned 100%
call    1 returned 100%
call    2 returned 100%
branch  3 taken 100% (fallthrough)
branch  4 taken 0% (throw)
branch  5 taken 5% (fallthrough)
branch  6 taken 95%
call    7 never executed
        -:   56:/*EOF*/
        -:   57:/*EOF*/
       48:   58:/*EOF*/
call    0 returned 100%
call    1 returned 100%
call    2 returned 100%
branch  3 taken 100% (fallthrough)
branch  4 taken 0% (throw)
branch  5 taken 6% (fallthrough)
branch  6 taken 94%
call    7 never executed
        3:   59:/*EOF*/
        -:   60:/*EOF*/
      930:   61:/*EOF*/
call    0 returned 100%
call    1 returned 100%
call    2 returned 100%
branch  3 taken 100% (fallthrough)
branch  4 taken 0% (throw)
branch  5 taken 27% (fallthrough)
branch  6 taken 73%
call    7 never executed
        -:   62:/*EOF*/
        -:   63:/*EOF*/
      255:   64:/*EOF*/
call    0 returned 100%
call    1 returned 100%
call    2 returned 100%
branch  3 taken 100% (fallthrough)
branch  4 taken 0% (throw)
branch  5 taken 1% (fallthrough)
branch  6 taken 99%
call    7 never executed
        3:   65:/*EOF*/
        -:   66:/*EOF*/
        -:   67:/*EOF*/
        -:   68:/*EOF*/
      996:   69:/*EOF*/
call    0 returned 100%
branch  1 taken 100% (fallthrough)
branch  2 taken 0% (throw)
call    3 returned 100%
branch  4 taken 100% (fallthrough)
branch  5 taken 0% (throw)
call    6 returned 100%
branch  7 taken 100% (fallthrough)
branch  8 taken 0% (throw)
branch  9 taken 98% (fallthrough)
branch 10 taken 2%
branch 11 taken 1% (fallthrough)
branch 12 taken 99%
branch 13 taken 100% (fallthrough)
branch 14 taken 0%
branch 15 taken 4% (fallthrough)
branch 16 taken 96%
branch 17 never executed
branch 18 never executed
call   19 never executed
      744:   70:/*EOF*/
call    0 returned 100%
branch  1 taken 100% (fallthrough)
branch  2 taken 0% (throw)
call    3 returned 100%
branch  4 taken 100% (fallthrough)
branch  5 taken 0% (throw)
call    6 returned 100%
branch  7 taken 100% (fallthrough)
branch  8 taken 0% (throw)
branch  9 taken 98% (fallthrough)
branch 10 taken 2%
branch 11 never executed
branch 12 never executed
        -:   71:/*EOF*/
        -:   72:/*EOF*/
        -:   73:/*EOF*/
       21:   74:/*EOF*/
branch  0 taken 57% (fallthrough)
branch  1 taken 43%
       12:   75:/*EOF*/
call    0 returned 100%
call    1 returned 100%
call    2 returned 100%
branch  3 taken 100% (fallthrough)
branch  4 taken 0% (throw)
branch  5 taken 0% (fallthrough)
branch  6 taken 100%
call    7 never executed
    #####:   76:/*EOF*/
        -:   77:/*EOF*/
       27:   78:/*EOF*/
call    0 returned 100%
branch  1 taken 78% (fallthrough)
branch  2 taken 22%
       21:   79:/*EOF*/
call    0 returned 100%
call    1 returned 100%
call    2 returned 100%
branch  3 taken 100% (fallthrough)
branch  4 taken 0% (throw)
branch  5 taken 14% (fallthrough)
branch  6 taken 86%
call    7 never executed
        3:   80:/*EOF*/
        -:   81:/*EOF*/
        -:   82:/*EOF*/
      675:   83:/*EOF*/
call    0 returned 100%
call    1 returned 100%
call    2 returned 100%
branch  3 taken 100% (fallthrough)
branch  4 taken 0% (throw)
branch  5 taken 9% (fallthrough)
branch  6 taken 91%
call    7 never executed
        -:   84:/*EOF*/
        -:   85:/*EOF*/
       63:   86:/*EOF*/
call    0 returned 100%
call    1 returned 100%
call    2 returned 100%
branch  3 taken 100% (fallthrough)
branch  4 taken 0% (throw)
branch  5 taken 5% (fallthrough)
branch  6 taken 95%
call    7 never executed
        3:   87:/*EOF*/
        -:   88:/*EOF*/
      612:   89:/*EOF*/
call    0 returned 100%
call    1 returned 100%
call    2 returned 100%
branch  3 taken 100% (fallthrough)
branch  4 taken 0% (throw)
branch  5 taken 34% (fallthrough)
branch  6 taken 66%
call    7 never executed
        -:   90:/*EOF*/
        -:   91:/*EOF*/
        -:   92:/*EOF*/
      822:   93:/*EOF*/
call    0 returned 100%
branch  1 taken 100% (fallthrough)
branch  2 taken 0% (throw)
call    3 returned 100%
branch  4 taken 100% (fallthrough)
branch  5 taken 0% (throw)
call    6 returned 100%
branch  7 taken 100% (fallthrough)
branch  8 taken 0% (throw)
branch  9 taken 96% (fallthrough)
branch 10 taken 4%
branch 11 taken 3% (fallthrough)
branch 12 taken 97%
branch 13 taken 100% (fallthrough)
branch 14 taken 0%
branch 15 taken 7% (fallthrough)
branch 16 taken 93%
branch 17 never executed
branch 18 never executed
call   19 never executed
      612:   94:/*EOF*/
call    0 returned 100%
branch  1 taken 100% (fallthrough)
branch  2 taken 0% (throw)
call    3 returned 100%
branch  4 taken 100% (fallthrough)
branch  5 taken 0% (throw)
call    6 returned 100%
branch  7 taken 100% (fallthrough)
branch  8 taken 0% (throw)
branch  9 taken 96% (fallthrough)
branch 10 taken 4%
branch 11 never executed
branch 12 never executed
        -:   95:/*EOF*/
        -:   96:/*EOF*/
        -:   97:/*EOF*/
       27:   98:/*EOF*/
branch  0 taken 44% (fallthrough)
branch  1 taken 56%
       12:   99:/*EOF*/
call    0 returned 100%
call    1 returned 100%
call    2 returned 100%
branch  3 taken 100% (fallthrough)
branch  4 taken 0% (throw)
branch  5 taken 0% (fallthrough)
branch  6 taken 100%
call    7 never executed
    #####:  100:/*EOF*/
        -:  101:/*EOF*/
       87:  102:/*EOF*/
call    0 returned 100%
branch  1 taken 86% (fallthrough)
branch  2 taken 14%
       75:  103:/*EOF*/
call    0 returned 100%
call    1 returned 100%
call    2 returned 100%
branch  3 taken 100% (fallthrough)
branch  4 taken 0% (throw)
branch  5 taken 4% (fallthrough)
branch  6 taken 96%
call    7 never executed
        3:  104:/*EOF*/
        -:  105:/*EOF*/
        -:  106:/*EOF*/
      402:  107:/*EOF*/
call    0 returned 100%
call    1 returned 100%
call    2 returned 100%
branch  3 taken 100% (fallthrough)
branch  4 taken 0% (throw)
branch  5 taken 29% (fallthrough)
branch  6 taken 71%
call    7 never executed
        -:  108:/*EOF*/
        -:  109:/*EOF*/
      117:  110:/*EOF*/
call    0 returned 100%
call    1 returned 100%
call    2 returned 100%
branch  3 taken 100% (fallthrough)
branch  4 taken 0% (throw)
branch  5 taken 3% (fallthrough)
branch  6 taken 97%
call    7 never executed
        3:  111:/*EOF*/
        -:  112:/*EOF*/
      285:  113:/*EOF*/
call    0 returned 100%
call    1 returned 100%
call    2 returned 100%
branch  3 taken 100% (fallthrough)
branch  4 taken 0% (throw)
branch  5 taken 100% (fallthrough)
branch  6 taken 0%
        -:  114:/*EOF*/
        -:  115:/*EOF*/
      285:  116:/*EOF*/
        -:  117:/*EOF*/
        -:  118:/*EOF*/
        -:  119:/*EOF*/
        -:  120:/*EOF*/
       21:  121:/*EOF*/
        -:  122:/*EOF*/
        -:  123:/*EOF*/
        -:  124:/*EOF*/
function _ZN16ConversorRomanos31Validar_Quant_Algarismos_IguaisENSt7__cxx1112basic_stringIcSt11char_traitsIcESaIcEEE called 33 returned 100% blocks executed 95%
       33:  125:/*EOF*/
        -:  126:/*EOF*/
       33:  127:/*EOF*/
call    0 returned 100%
call    1 returned 100%
call    2 returned 100%
branch  3 taken 0% (fallthrough)
branch  4 taken 100%
    #####:  128:/*EOF*/
        -:  129:/*EOF*/
        -:  130:/*EOF*/
        -:  131:/*EOF*/
      267:  132:/*EOF*/
call    0 returned 100%
branch  1 taken 88% (fallthrough)
branch  2 taken 12%
        -:  133:/*EOF*/
      132:  134:/*EOF*/
      132:  135:/*EOF*/
      132:  136:/*EOF*/
call    0 returned 100%
        -:  137:/*EOF*/
     1113:  138:/*EOF*/
call    0 returned 100%
branch  1 taken 88% (fallthrough)
branch  2 taken 12%
branch  3 taken 71% (fallthrough)
branch  4 taken 29%
        -:  139:/*EOF*/
      981:  140:/*EOF*/
      981:  141:/*EOF*/
call    0 returned 100%
branch  1 taken 29% (fallthrough)
branch  2 taken 71%
        -:  142:/*EOF*/
      288:  143:/*EOF*/
      288:  144:/*EOF*/
      288:  145:/*EOF*/
call    0 returned 100%
        -:  146:/*EOF*/
        -:  147:/*EOF*/
        -:  148:/*EOF*/
      132:  149:/*EOF*/
branch  0 taken 11% (fallthrough)
branch  1 taken 89%
       15:  150:/*EOF*/
        -:  151:/*EOF*/
        -:  152:/*EOF*/
        -:  153:/*EOF*/
       18:  154:/*EOF*/
        -:  155:/*EOF*/
        -:  156:/*EOF*/
        -:  157:/*EOF*/
function _ZN16ConversorRomanos18Validar_CaracteresENSt7__cxx1112basic_stringIcSt11char_traitsIcESaIcEEE called 36 returned 100% blocks executed 93%
       36:  158:/*EOF*/
        -:  159:/*EOF*/
       36:  160:/*EOF*/
call    0 returned 100%
call    1 returned 100%
call    2 returned 100%
branch  3 taken 0% (fallthrough)
branch  4 taken 100%
    #####:  161:/*EOF*/
        -:  162:/*EOF*/
      276:  163:/*EOF*/
call    0 returned 100%
branch  1 taken 91% (fallthrough)
branch  2 taken 9%
      252:  164:/*EOF*/
call    0 returned 100%
call    1 returned 100%
branch  2 taken 5% (fallthrough)
branch  3 taken 95%
       12:  165:/*EOF*/
        -:  166:/*EOF*/
       24:  167:/*EOF*/
        -:  168:/*EOF*/
        -:  169:/*EOF*/
        -:  170:/*EOF*/
        -:  171:/*EOF*/
function _ZN16ConversorRomanos16Calcular_DecimalENSt7__cxx1112basic_stringIcSt11char_traitsIcESaIcEEE called 22 returned 100% blocks executed 96%
       22:  172:/*EOF*/
        -:  173:/*EOF*/
       22:  174:/*EOF*/
call    0 returned 100%
branch  1 taken 100% (fallthrough)
branch  2 taken 0% (throw)
call    3 returned 100%
call    4 returned 100%
branch  5 taken 0% (fallthrough)
branch  6 taken 100%
    #####:  175:/*EOF*/
        -:  176:/*EOF*/
        -:  177:/*EOF*/
       22:  178:/*EOF*/
call    0 returned 100%
call    1 returned 100%
branch  2 taken 100% (fallthrough)
branch  3 taken 0% (throw)
       22:  179:/*EOF*/
        -:  180:/*EOF*/
      240:  181:/*EOF*/
call    0 returned 100%
branch  1 taken 91% (fallthrough)
branch  2 taken 9%
        -:  182:/*EOF*/
      218:  183:/*EOF*/
      218:  184:/*EOF*/
call    0 returned 100%
branch  1 taken 100% (fallthrough)
branch  2 taken 0% (throw)
        -:  185:/*EOF*/
      218:  186:/*EOF*/
call    0 returned 100%
branch  1 taken 100% (fallthrough)
branch  2 taken 0% (throw)
call    3 returned 100%
branch  4 taken 100% (fallthrough)
branch  5 taken 0% (throw)
branch  6 taken 93% (fallthrough)
branch  7 taken 7%
      203:  187:/*EOF*/
call    0 returned 100%
branch  1 taken 100% (fallthrough)
branch  2 taken 0% (throw)
        -:  188:/*EOF*/
       15:  189:/*EOF*/
call    0 returned 100%
branch  1 taken 100% (fallthrough)
branch  2 taken 0% (throw)
        -:  190:/*EOF*/
        -:  191:/*EOF*/
        -:  192:/*EOF*/
       22:  193:/*EOF*/
        -:  194:/*EOF*/
        -:  195:/*EOF*/
function _ZN16ConversorRomanos24Converter_Romano_DecimalENSt7__cxx1112basic_stringIcSt11char_traitsIcESaIcEEE called 27 returned 100% blocks executed 76%
       27:  196:/*EOF*/
        -:  197:/*EOF*/
       27:  198:/*EOF*/
call    0 returned 100%
call    1 returned 100%
call    2 returned 100%
branch  3 taken 11% (fallthrough)
branch  4 taken 89%
        3:  199:/*EOF*/
        -:  200:/*EOF*/
        -:  201:/*EOF*/
        -:  202:/*EOF*/
       24:  203:/*EOF*/
call    0 returned 100%
call    1 returned 100%
branch  2 taken 100% (fallthrough)
branch  3 taken 0% (throw)
call    4 returned 100%
branch  5 taken 13% (fallthrough)
branch  6 taken 88%
call    7 never executed
call    8 never executed
        3:  204:/*EOF*/
        -:  205:/*EOF*/
        -:  206:/*EOF*/
        -:  207:/*EOF*/
       21:  208:/*EOF*/
call    0 returned 100%
call    1 returned 100%
branch  2 taken 100% (fallthrough)
branch  3 taken 0% (throw)
call    4 returned 100%
branch  5 taken 29% (fallthrough)
branch  6 taken 71%
call    7 never executed
call    8 never executed
        6:  209:/*EOF*/
        -:  210:/*EOF*/
        -:  211:/*EOF*/
        -:  212:/*EOF*/
       15:  213:/*EOF*/
call    0 returned 100%
call    1 returned 100%
branch  2 taken 100% (fallthrough)
branch  3 taken 0% (throw)
call    4 returned 100%
branch  5 taken 0% (fallthrough)
branch  6 taken 100%
call    7 never executed
call    8 never executed
    #####:  214:/*EOF*/
        -:  215:/*EOF*/
        -:  216:/*EOF*/
        -:  217:/*EOF*/
       15:  218:/*EOF*/
call    0 returned 100%
call    1 returned 100%
branch  2 taken 100% (fallthrough)
branch  3 taken 0% (throw)
call    4 returned 100%
call    5 never executed
function _GLOBAL__sub_I__ZN16ConversorRomanos7MAXSIZEE called 3 returned 100% blocks executed 100%
function _Z41__static_initialization_and_destruction_0ii called 3 returned 100% blocks executed 83%
        9:  219:/*EOF*/
call    0 returned 100%
branch  1 taken 100% (fallthrough)
branch  2 taken 0%
branch  3 taken 100% (fallthrough)
branch  4 taken 0%
