        -:    0:Source:ConversorRomanos.cpp
        -:    0:Graph:ConversorRomanos.gcno
        -:    0:Data:ConversorRomanos.gcda
        -:    0:Runs:3
        -:    0:Programs:3
        -:    1:/*EOF*/
        -:    2:/*EOF*/
        -:    3:/*EOF*/
        -:    4:/*EOF*/
        -:    5:/*EOF*/
        -:    6:/*EOF*/
        -:    7:/*EOF*/
        -:    8:/*EOF*/
        3:    9:/*EOF*/
call    0 returned 100%
call    1 returned 100%
branch  2 taken 100% (fallthrough)
branch  3 taken 0% (throw)
call    4 returned 100%
call    5 returned 100%
call    6 never executed
        -:   10:/*EOF*/
        -:   11:/*EOF*/
        -:   12:/*EOF*/
        -:   13:/*EOF*/
function _ZN16ConversorRomanos15Validar_TamanhoENSt7__cxx1112basic_stringIcSt11char_traitsIcESaIcEEE called 66 returned 100% blocks executed 80%
       66:   14:/*EOF*/
        -:   15:/*EOF*/
       66:   16:/*EOF*/
call    0 returned 100%
branch  1 taken 100% (fallthrough)
branch  2 taken 0%
call    3 returned 100%
branch  4 taken 0% (fallthrough)
branch  5 taken 100%
branch  6 taken 0% (fallthrough)
branch  7 taken 100%
    #####:   17:/*EOF*/
        -:   18:/*EOF*/
       66:   19:/*EOF*/
        -:   20:/*EOF*/
        -:   21:/*EOF*/
        -:   22:/*EOF*/
        -:   23:/*EOF*/
        -:   24:/*EOF*/
function _ZN16ConversorRomanos24Validar_Ordem_AlgarismosENSt7__cxx1112basic_stringIcSt11char_traitsIcESaIcEEE called 23 returned 100% blocks executed 81%
       23:   25:/*EOF*/
        -:   26:/*EOF*/
      121:   27:/*EOF*/
call    0 returned 100%
branch  1 taken 92% (fallthrough)
branch  2 taken 8%
        -:   28:/*EOF*/
      537:   29:/*EOF*/
call    0 returned 100%
branch  1 taken 82% (fallthrough)
branch  2 taken 18%
        -:   30:/*EOF*/
      439:   31:/*EOF*/
call    0 returned 100%
call    1 returned 100%
call    2 returned 100%
branch  3 taken 100% (fallthrough)
branch  4 taken 0% (throw)
branch  5 taken 8% (fallthrough)
branch  6 taken 92%
call    7 never executed
        -:   32:/*EOF*/
        -:   33:/*EOF*/
       36:   34:/*EOF*/
call    0 returned 100%
call    1 returned 100%
call    2 returned 100%
branch  3 taken 100% (fallthrough)
branch  4 taken 0% (throw)
branch  5 taken 3% (fallthrough)
branch  6 taken 97%
call    7 never executed
        1:   35:/*EOF*/
        -:   36:/*EOF*/
        -:   37:/*EOF*/
        -:   38:/*EOF*/
        -:   39:/*EOF*/
      130:   40:/*EOF*/
call    0 returned 100%
branch  1 taken 100% (fallthrough)
branch  2 taken 0% (throw)
call    3 returned 100%
branch  4 taken 100% (fallthrough)
branch  5 taken 0% (throw)
call    6 returned 100%
branch  7 taken 100% (fallthrough)
branch  8 taken 0% (throw)
branch  9 taken 86% (fallthrough)
branch 10 taken 14%
branch 11 taken 0% (fallthrough)
branch 12 taken 100%
branch 13 taken 100% (fallthrough)
branch 14 taken 0%
branch 15 taken 14% (fallthrough)
branch 16 taken 86%
branch 17 never executed
branch 18 never executed
call   19 never executed
       95:   41:/*EOF*/
call    0 returned 100%
branch  1 taken 100% (fallthrough)
branch  2 taken 0% (throw)
call    3 returned 100%
branch  4 taken 100% (fallthrough)
branch  5 taken 0% (throw)
call    6 returned 100%
branch  7 taken 100% (fallthrough)
branch  8 taken 0% (throw)
branch  9 taken 86% (fallthrough)
branch 10 taken 14%
branch 11 never executed
branch 12 never executed
        -:   42:/*EOF*/
        -:   43:/*EOF*/
        -:   44:/*EOF*/
        9:   45:/*EOF*/
branch  0 taken 44% (fallthrough)
branch  1 taken 56%
        4:   46:/*EOF*/
call    0 returned 100%
call    1 returned 100%
call    2 returned 100%
branch  3 taken 100% (fallthrough)
branch  4 taken 0% (throw)
branch  5 taken 0% (fallthrough)
branch  6 taken 100%
call    7 never executed
    #####:   47:/*EOF*/
        -:   48:/*EOF*/
        -:   49:/*EOF*/
        -:   50:/*EOF*/
        5:   51:/*EOF*/
call    0 returned 100%
branch  1 taken 100% (fallthrough)
branch  2 taken 0%
        5:   52:/*EOF*/
        -:   53:/*EOF*/
        -:   54:/*EOF*/
      403:   55:/*EOF*/
call    0 returned 100%
call    1 returned 100%
call    2 returned 100%
branch  3 taken 100% (fallthrough)
branch  4 taken 0% (throw)
branch  5 taken 5% (fallthrough)
branch  6 taken 95%
call    7 never executed
        -:   56:/*EOF*/
        -:   57:/*EOF*/
       19:   58:/*EOF*/
call    0 returned 100%
call    1 returned 100%
call    2 returned 100%
branch  3 taken 100% (fallthrough)
branch  4 taken 0% (throw)
branch  5 taken 5% (fallthrough)
branch  6 taken 95%
call    7 never executed
        1:   59:/*EOF*/
        -:   60:/*EOF*/
      384:   61:/*EOF*/
call    0 returned 100%
call    1 returned 100%
call    2 returned 100%
branch  3 taken 100% (fallthrough)
branch  4 taken 0% (throw)
branch  5 taken 31% (fallthrough)
branch  6 taken 69%
call    7 never executed
        -:   62:/*EOF*/
        -:   63:/*EOF*/
      120:   64:/*EOF*/
call    0 returned 100%
call    1 returned 100%
call    2 returned 100%
branch  3 taken 100% (fallthrough)
branch  4 taken 0% (throw)
branch  5 taken 1% (fallthrough)
branch  6 taken 99%
call    7 never executed
        1:   65:/*EOF*/
        -:   66:/*EOF*/
        -:   67:/*EOF*/
        -:   68:/*EOF*/
      468:   69:/*EOF*/
call    0 returned 100%
branch  1 taken 100% (fallthrough)
branch  2 taken 0% (throw)
call    3 returned 100%
branch  4 taken 100% (fallthrough)
branch  5 taken 0% (throw)
call    6 returned 100%
branch  7 taken 100% (fallthrough)
branch  8 taken 0% (throw)
branch  9 taken 97% (fallthrough)
branch 10 taken 3%
branch 11 taken 1% (fallthrough)
branch 12 taken 99%
branch 13 taken 100% (fallthrough)
branch 14 taken 0%
branch 15 taken 4% (fallthrough)
branch 16 taken 96%
branch 17 never executed
branch 18 never executed
call   19 never executed
      349:   70:/*EOF*/
call    0 returned 100%
branch  1 taken 100% (fallthrough)
branch  2 taken 0% (throw)
call    3 returned 100%
branch  4 taken 100% (fallthrough)
branch  5 taken 0% (throw)
call    6 returned 100%
branch  7 taken 100% (fallthrough)
branch  8 taken 0% (throw)
branch  9 taken 97% (fallthrough)
branch 10 taken 3%
branch 11 never executed
branch 12 never executed
        -:   71:/*EOF*/
        -:   72:/*EOF*/
        -:   73:/*EOF*/
       13:   74:/*EOF*/
branch  0 taken 62% (fallthrough)
branch  1 taken 38%
        8:   75:/*EOF*/
call    0 returned 100%
call    1 returned 100%
call    2 returned 100%
branch  3 taken 100% (fallthrough)
branch  4 taken 0% (throw)
branch  5 taken 0% (fallthrough)
branch  6 taken 100%
call    7 never executed
    #####:   76:/*EOF*/
        -:   77:/*EOF*/
       17:   78:/*EOF*/
call    0 returned 100%
branch  1 taken 76% (fallthrough)
branch  2 taken 24%
       13:   79:/*EOF*/
call    0 returned 100%
call    1 returned 100%
call    2 returned 100%
branch  3 taken 100% (fallthrough)
branch  4 taken 0% (throw)
branch  5 taken 8% (fallthrough)
branch  6 taken 92%
call    7 never executed
        1:   80:/*EOF*/
        -:   81:/*EOF*/
        -:   82:/*EOF*/
      264:   83:/*EOF*/
call    0 returned 100%
call    1 returned 100%
call    2 returned 100%
branch  3 taken 100% (fallthrough)
branch  4 taken 0% (throw)
branch  5 taken 5% (fallthrough)
branch  6 taken 95%
call    7 never executed
        -:   84:/*EOF*/
        -:   85:/*EOF*/
       13:   86:/*EOF*/
call    0 returned 100%
call    1 returned 100%
call    2 returned 100%
branch  3 taken 100% (fallthrough)
branch  4 taken 0% (throw)
branch  5 taken 8% (fallthrough)
branch  6 taken 92%
call    7 never executed
        1:   87:/*EOF*/
        -:   88:/*EOF*/
      251:   89:/*EOF*/
call    0 returned 100%
call    1 returned 100%
call    2 returned 100%
branch  3 taken 100% (fallthrough)
branch  4 taken 0% (throw)
branch  5 taken 29% (fallthrough)
branch  6 taken 71%
call    7 never executed
        -:   90:/*EOF*/
        -:   91:/*EOF*/
        -:   92:/*EOF*/
      286:   93:/*EOF*/
call    0 returned 100%
branch  1 taken 100% (fallthrough)
branch  2 taken 0% (throw)
call    3 returned 100%
branch  4 taken 100% (fallthrough)
branch  5 taken 0% (throw)
call    6 returned 100%
branch  7 taken 100% (fallthrough)
branch  8 taken 0% (throw)
branch  9 taken 93% (fallthrough)
branch 10 taken 7%
branch 11 taken 10% (fallthrough)
branch 12 taken 90%
branch 13 taken 100% (fallthrough)
branch 14 taken 0%
branch 15 taken 16% (fallthrough)
branch 16 taken 84%
branch 17 never executed
branch 18 never executed
call   19 never executed
      212:   94:/*EOF*/
call    0 returned 100%
branch  1 taken 100% (fallthrough)
branch  2 taken 0% (throw)
call    3 returned 100%
branch  4 taken 100% (fallthrough)
branch  5 taken 0% (throw)
call    6 returned 100%
branch  7 taken 100% (fallthrough)
branch  8 taken 0% (throw)
branch  9 taken 93% (fallthrough)
branch 10 taken 7%
branch 11 never executed
branch 12 never executed
        -:   95:/*EOF*/
        -:   96:/*EOF*/
        -:   97:/*EOF*/
       24:   98:/*EOF*/
branch  0 taken 50% (fallthrough)
branch  1 taken 50%
       12:   99:/*EOF*/
call    0 returned 100%
call    1 returned 100%
call    2 returned 100%
branch  3 taken 100% (fallthrough)
branch  4 taken 0% (throw)
branch  5 taken 0% (fallthrough)
branch  6 taken 100%
call    7 never executed
    #####:  100:/*EOF*/
        -:  101:/*EOF*/
       74:  102:/*EOF*/
call    0 returned 100%
branch  1 taken 86% (fallthrough)
branch  2 taken 14%
       64:  103:/*EOF*/
call    0 returned 100%
call    1 returned 100%
call    2 returned 100%
branch  3 taken 100% (fallthrough)
branch  4 taken 0% (throw)
branch  5 taken 3% (fallthrough)
branch  6 taken 97%
call    7 never executed
        2:  104:/*EOF*/
        -:  105:/*EOF*/
        -:  106:/*EOF*/
      177:  107:/*EOF*/
call    0 returned 100%
call    1 returned 100%
call    2 returned 100%
branch  3 taken 100% (fallthrough)
branch  4 taken 0% (throw)
branch  5 taken 12% (fallthrough)
branch  6 taken 88%
call    7 never executed
        -:  108:/*EOF*/
        -:  109:/*EOF*/
       21:  110:/*EOF*/
call    0 returned 100%
call    1 returned 100%
call    2 returned 100%
branch  3 taken 100% (fallthrough)
branch  4 taken 0% (throw)
branch  5 taken 5% (fallthrough)
branch  6 taken 95%
call    7 never executed
        1:  111:/*EOF*/
        -:  112:/*EOF*/
      156:  113:/*EOF*/
call    0 returned 100%
call    1 returned 100%
call    2 returned 100%
branch  3 taken 100% (fallthrough)
branch  4 taken 0% (throw)
branch  5 taken 100% (fallthrough)
branch  6 taken 0%
        -:  114:/*EOF*/
        -:  115:/*EOF*/
      156:  116:/*EOF*/
        -:  117:/*EOF*/
        -:  118:/*EOF*/
        -:  119:/*EOF*/
        -:  120:/*EOF*/
       10:  121:/*EOF*/
        -:  122:/*EOF*/
        -:  123:/*EOF*/
        -:  124:/*EOF*/
function _ZN16ConversorRomanos31Validar_Quant_Algarismos_IguaisENSt7__cxx1112basic_stringIcSt11char_traitsIcESaIcEEE called 33 returned 100% blocks executed 95%
       33:  125:/*EOF*/
        -:  126:/*EOF*/
       33:  127:/*EOF*/
call    0 returned 100%
call    1 returned 100%
call    2 returned 100%
branch  3 taken 0% (fallthrough)
branch  4 taken 100%
    #####:  128:/*EOF*/
        -:  129:/*EOF*/
        -:  130:/*EOF*/
        -:  131:/*EOF*/
      231:  132:/*EOF*/
call    0 returned 100%
branch  1 taken 82% (fallthrough)
branch  2 taken 18%
        -:  133:/*EOF*/
      108:  134:/*EOF*/
      108:  135:/*EOF*/
      108:  136:/*EOF*/
call    0 returned 100%
        -:  137:/*EOF*/
      738:  138:/*EOF*/
call    0 returned 100%
branch  1 taken 85% (fallthrough)
branch  2 taken 15%
branch  3 taken 66% (fallthrough)
branch  4 taken 34%
        -:  139:/*EOF*/
      630:  140:/*EOF*/
      630:  141:/*EOF*/
call    0 returned 100%
branch  1 taken 34% (fallthrough)
branch  2 taken 66%
        -:  142:/*EOF*/
      216:  143:/*EOF*/
      216:  144:/*EOF*/
      216:  145:/*EOF*/
call    0 returned 100%
        -:  146:/*EOF*/
        -:  147:/*EOF*/
        -:  148:/*EOF*/
      108:  149:/*EOF*/
branch  0 taken 8% (fallthrough)
branch  1 taken 92%
        9:  150:/*EOF*/
        -:  151:/*EOF*/
        -:  152:/*EOF*/
        -:  153:/*EOF*/
       24:  154:/*EOF*/
        -:  155:/*EOF*/
        -:  156:/*EOF*/
        -:  157:/*EOF*/
function _ZN16ConversorRomanos26Validar_Caracteres_ValidosENSt7__cxx1112basic_stringIcSt11char_traitsIcESaIcEEE called 12 returned 100% blocks executed 93%
       12:  158:/*EOF*/
        -:  159:/*EOF*/
       12:  160:/*EOF*/
call    0 returned 100%
call    1 returned 100%
call    2 returned 100%
branch  3 taken 0% (fallthrough)
branch  4 taken 100%
    #####:  161:/*EOF*/
        -:  162:/*EOF*/
       81:  163:/*EOF*/
call    0 returned 100%
branch  1 taken 89% (fallthrough)
branch  2 taken 11%
       72:  164:/*EOF*/
call    0 returned 100%
call    1 returned 100%
branch  2 taken 4% (fallthrough)
branch  3 taken 96%
        3:  165:/*EOF*/
        -:  166:/*EOF*/
        9:  167:/*EOF*/
        -:  168:/*EOF*/
        -:  169:/*EOF*/
        -:  170:/*EOF*/
        -:  171:/*EOF*/
function _ZN16ConversorRomanos16Calcular_DecimalENSt7__cxx1112basic_stringIcSt11char_traitsIcESaIcEEE called 9 returned 100% blocks executed 96%
        9:  172:/*EOF*/
        -:  173:/*EOF*/
        9:  174:/*EOF*/
call    0 returned 100%
branch  1 taken 100% (fallthrough)
branch  2 taken 0% (throw)
call    3 returned 100%
call    4 returned 100%
branch  5 taken 0% (fallthrough)
branch  6 taken 100%
    #####:  175:/*EOF*/
        -:  176:/*EOF*/
        -:  177:/*EOF*/
        9:  178:/*EOF*/
call    0 returned 100%
call    1 returned 100%
branch  2 taken 100% (fallthrough)
branch  3 taken 0% (throw)
        9:  179:/*EOF*/
        -:  180:/*EOF*/
       72:  181:/*EOF*/
call    0 returned 100%
branch  1 taken 88% (fallthrough)
branch  2 taken 13%
        -:  182:/*EOF*/
       63:  183:/*EOF*/
       63:  184:/*EOF*/
call    0 returned 100%
branch  1 taken 100% (fallthrough)
branch  2 taken 0% (throw)
        -:  185:/*EOF*/
       63:  186:/*EOF*/
call    0 returned 100%
branch  1 taken 100% (fallthrough)
branch  2 taken 0% (throw)
call    3 returned 100%
branch  4 taken 100% (fallthrough)
branch  5 taken 0% (throw)
branch  6 taken 86% (fallthrough)
branch  7 taken 14%
       54:  187:/*EOF*/
call    0 returned 100%
branch  1 taken 100% (fallthrough)
branch  2 taken 0% (throw)
        -:  188:/*EOF*/
        9:  189:/*EOF*/
call    0 returned 100%
branch  1 taken 100% (fallthrough)
branch  2 taken 0% (throw)
        -:  190:/*EOF*/
        -:  191:/*EOF*/
        -:  192:/*EOF*/
        9:  193:/*EOF*/
        -:  194:/*EOF*/
        -:  195:/*EOF*/
function _ZN16ConversorRomanos24Converter_Romano_DecimalENSt7__cxx1112basic_stringIcSt11char_traitsIcESaIcEEE called 9 returned 100% blocks executed 70%
        9:  196:/*EOF*/
        -:  197:/*EOF*/
        9:  198:/*EOF*/
call    0 returned 100%
call    1 returned 100%
call    2 returned 100%
branch  3 taken 0% (fallthrough)
branch  4 taken 100%
    #####:  199:/*EOF*/
        -:  200:/*EOF*/
        -:  201:/*EOF*/
        -:  202:/*EOF*/
        9:  203:/*EOF*/
call    0 returned 100%
call    1 returned 100%
branch  2 taken 100% (fallthrough)
branch  3 taken 0% (throw)
call    4 returned 100%
branch  5 taken 0% (fallthrough)
branch  6 taken 100%
call    7 never executed
call    8 never executed
    #####:  204:/*EOF*/
        -:  205:/*EOF*/
        -:  206:/*EOF*/
        -:  207:/*EOF*/
        9:  208:/*EOF*/
call    0 returned 100%
call    1 returned 100%
branch  2 taken 100% (fallthrough)
branch  3 taken 0% (throw)
call    4 returned 100%
branch  5 taken 0% (fallthrough)
branch  6 taken 100%
call    7 never executed
call    8 never executed
    #####:  209:/*EOF*/
        -:  210:/*EOF*/
        -:  211:/*EOF*/
        -:  212:/*EOF*/
        9:  213:/*EOF*/
call    0 returned 100%
call    1 returned 100%
branch  2 taken 100% (fallthrough)
branch  3 taken 0% (throw)
call    4 returned 100%
branch  5 taken 33% (fallthrough)
branch  6 taken 67%
call    7 never executed
call    8 never executed
        3:  214:/*EOF*/
        -:  215:/*EOF*/
        -:  216:/*EOF*/
        -:  217:/*EOF*/
        6:  218:/*EOF*/
call    0 returned 100%
call    1 returned 100%
branch  2 taken 100% (fallthrough)
branch  3 taken 0% (throw)
call    4 returned 100%
call    5 never executed
function _GLOBAL__sub_I__ZN16ConversorRomanos7MAXSIZEE called 3 returned 100% blocks executed 100%
function _Z41__static_initialization_and_destruction_0ii called 3 returned 100% blocks executed 83%
        9:  219:/*EOF*/
call    0 returned 100%
branch  1 taken 100% (fallthrough)
branch  2 taken 0%
branch  3 taken 100% (fallthrough)
branch  4 taken 0%
